mode: set
github.com/JLugagne/libauth/identity/memory/store.go:20.24,25.2 1 1
github.com/JLugagne/libauth/identity/memory/store.go:28.112,34.25 5 1
github.com/JLugagne/libauth/identity/memory/store.go:34.25,36.3 1 1
github.com/JLugagne/libauth/identity/memory/store.go:38.2,38.28 1 1
github.com/JLugagne/libauth/identity/memory/store.go:38.28,39.71 1 1
github.com/JLugagne/libauth/identity/memory/store.go:39.71,41.4 1 1
github.com/JLugagne/libauth/identity/memory/store.go:44.2,57.18 6 1
github.com/JLugagne/libauth/identity/memory/store.go:61.114,67.25 5 1
github.com/JLugagne/libauth/identity/memory/store.go:67.25,69.3 1 1
github.com/JLugagne/libauth/identity/memory/store.go:71.2,72.42 2 1
github.com/JLugagne/libauth/identity/memory/store.go:72.42,74.3 1 1
github.com/JLugagne/libauth/identity/memory/store.go:76.2,77.20 2 1
github.com/JLugagne/libauth/identity/memory/store.go:81.117,87.25 5 1
github.com/JLugagne/libauth/identity/memory/store.go:87.25,89.3 1 1
github.com/JLugagne/libauth/identity/memory/store.go:91.2,91.28 1 1
github.com/JLugagne/libauth/identity/memory/store.go:91.28,92.49 1 1
github.com/JLugagne/libauth/identity/memory/store.go:92.49,93.26 1 1
github.com/JLugagne/libauth/identity/memory/store.go:93.26,94.13 1 0
github.com/JLugagne/libauth/identity/memory/store.go:96.4,97.22 2 1
github.com/JLugagne/libauth/identity/memory/store.go:101.2,101.38 1 1
github.com/JLugagne/libauth/identity/memory/store.go:105.101,111.25 5 1
github.com/JLugagne/libauth/identity/memory/store.go:111.25,113.3 1 1
github.com/JLugagne/libauth/identity/memory/store.go:115.2,116.46 2 1
github.com/JLugagne/libauth/identity/memory/store.go:116.46,118.3 1 0
github.com/JLugagne/libauth/identity/memory/store.go:120.2,120.34 1 1
github.com/JLugagne/libauth/identity/memory/store.go:120.34,121.29 1 0
github.com/JLugagne/libauth/identity/memory/store.go:121.29,122.96 1 0
github.com/JLugagne/libauth/identity/memory/store.go:122.96,124.5 1 0
github.com/JLugagne/libauth/identity/memory/store.go:128.2,132.12 4 1
github.com/JLugagne/libauth/identity/memory/store.go:136.94,142.25 5 1
github.com/JLugagne/libauth/identity/memory/store.go:142.25,144.3 1 1
github.com/JLugagne/libauth/identity/memory/store.go:146.2,147.75 2 1
github.com/JLugagne/libauth/identity/memory/store.go:147.75,149.3 1 0
github.com/JLugagne/libauth/identity/memory/store.go:151.2,156.37 5 1
github.com/JLugagne/libauth/identity/memory/store.go:156.37,157.25 1 0
github.com/JLugagne/libauth/identity/memory/store.go:157.25,159.4 1 0
github.com/JLugagne/libauth/identity/memory/store.go:162.2,162.12 1 1
github.com/JLugagne/libauth/identity/memory/store.go:166.107,172.25 5 1
github.com/JLugagne/libauth/identity/memory/store.go:172.25,174.3 1 1
github.com/JLugagne/libauth/identity/memory/store.go:176.2,177.67 2 1
github.com/JLugagne/libauth/identity/memory/store.go:177.67,179.3 1 0
github.com/JLugagne/libauth/identity/memory/store.go:181.2,181.34 1 1
github.com/JLugagne/libauth/identity/memory/store.go:181.34,182.100 1 1
github.com/JLugagne/libauth/identity/memory/store.go:182.100,184.4 1 1
github.com/JLugagne/libauth/identity/memory/store.go:187.2,196.12 8 1
github.com/JLugagne/libauth/identity/memory/store.go:200.134,206.25 5 1
github.com/JLugagne/libauth/identity/memory/store.go:206.25,208.3 1 1
github.com/JLugagne/libauth/identity/memory/store.go:210.2,211.34 2 1
github.com/JLugagne/libauth/identity/memory/store.go:211.34,212.53 1 1
github.com/JLugagne/libauth/identity/memory/store.go:212.53,215.4 2 1
github.com/JLugagne/libauth/identity/memory/store.go:218.2,218.17 1 1
github.com/JLugagne/libauth/identity/memory/store.go:222.143,228.25 5 1
github.com/JLugagne/libauth/identity/memory/store.go:228.25,230.3 1 1
github.com/JLugagne/libauth/identity/memory/store.go:232.2,232.34 1 1
github.com/JLugagne/libauth/identity/memory/store.go:232.34,233.88 1 1
github.com/JLugagne/libauth/identity/memory/store.go:233.88,236.4 2 1
github.com/JLugagne/libauth/identity/memory/store.go:239.2,239.42 1 0
github.com/JLugagne/libauth/identity/pgx/store.go:20.55,22.16 2 1
github.com/JLugagne/libauth/identity/pgx/store.go:22.16,24.3 1 0
github.com/JLugagne/libauth/identity/pgx/store.go:25.2,25.32 1 1
github.com/JLugagne/libauth/identity/pgx/store.go:25.32,27.17 2 1
github.com/JLugagne/libauth/identity/pgx/store.go:27.17,29.4 1 0
github.com/JLugagne/libauth/identity/pgx/store.go:30.3,30.58 1 1
github.com/JLugagne/libauth/identity/pgx/store.go:30.58,32.4 1 0
github.com/JLugagne/libauth/identity/pgx/store.go:34.2,34.12 1 1
github.com/JLugagne/libauth/identity/pgx/store.go:50.36,52.2 1 1
github.com/JLugagne/libauth/identity/pgx/store.go:54.60,56.29 2 1
github.com/JLugagne/libauth/identity/pgx/store.go:56.29,58.3 1 0
github.com/JLugagne/libauth/identity/pgx/store.go:59.2,59.26 1 1
github.com/JLugagne/libauth/identity/pgx/store.go:62.32,64.28 2 1
github.com/JLugagne/libauth/identity/pgx/store.go:64.28,65.28 1 1
github.com/JLugagne/libauth/identity/pgx/store.go:65.28,66.68 1 1
github.com/JLugagne/libauth/identity/pgx/store.go:66.68,68.5 1 1
github.com/JLugagne/libauth/identity/pgx/store.go:69.4,69.76 1 1
github.com/JLugagne/libauth/identity/pgx/store.go:69.76,71.5 1 1
github.com/JLugagne/libauth/identity/pgx/store.go:74.2,74.35 1 0
github.com/JLugagne/libauth/identity/pgx/store.go:74.35,77.3 1 0
github.com/JLugagne/libauth/identity/pgx/store.go:78.2,78.12 1 0
github.com/JLugagne/libauth/identity/pgx/store.go:81.112,83.20 2 1
github.com/JLugagne/libauth/identity/pgx/store.go:83.20,85.3 1 0
github.com/JLugagne/libauth/identity/pgx/store.go:87.2,100.16 4 1
github.com/JLugagne/libauth/identity/pgx/store.go:100.16,102.3 1 1
github.com/JLugagne/libauth/identity/pgx/store.go:104.2,104.18 1 1
github.com/JLugagne/libauth/identity/pgx/store.go:107.114,118.16 6 1
github.com/JLugagne/libauth/identity/pgx/store.go:118.16,119.36 1 1
github.com/JLugagne/libauth/identity/pgx/store.go:119.36,121.4 1 1
github.com/JLugagne/libauth/identity/pgx/store.go:122.3,122.18 1 0
github.com/JLugagne/libauth/identity/pgx/store.go:125.2,125.19 1 1
github.com/JLugagne/libauth/identity/pgx/store.go:128.117,139.16 6 1
github.com/JLugagne/libauth/identity/pgx/store.go:139.16,140.36 1 1
github.com/JLugagne/libauth/identity/pgx/store.go:140.36,142.4 1 1
github.com/JLugagne/libauth/identity/pgx/store.go:143.3,143.18 1 0
github.com/JLugagne/libauth/identity/pgx/store.go:146.2,146.19 1 1
github.com/JLugagne/libauth/identity/pgx/store.go:149.101,151.20 2 1
github.com/JLugagne/libauth/identity/pgx/store.go:151.20,153.3 1 0
github.com/JLugagne/libauth/identity/pgx/store.go:155.2,163.16 4 1
github.com/JLugagne/libauth/identity/pgx/store.go:163.16,165.3 1 0
github.com/JLugagne/libauth/identity/pgx/store.go:167.2,167.29 1 1
github.com/JLugagne/libauth/identity/pgx/store.go:167.29,169.3 1 0
github.com/JLugagne/libauth/identity/pgx/store.go:171.2,171.12 1 1
github.com/JLugagne/libauth/identity/pgx/store.go:174.94,187.16 6 1
github.com/JLugagne/libauth/identity/pgx/store.go:187.16,189.3 1 0
github.com/JLugagne/libauth/identity/pgx/store.go:191.2,197.12 3 1
github.com/JLugagne/libauth/identity/pgx/store.go:200.107,202.20 2 1
github.com/JLugagne/libauth/identity/pgx/store.go:202.20,204.3 1 0
github.com/JLugagne/libauth/identity/pgx/store.go:206.2,216.16 7 1
github.com/JLugagne/libauth/identity/pgx/store.go:216.16,218.3 1 1
github.com/JLugagne/libauth/identity/pgx/store.go:220.2,220.12 1 1
github.com/JLugagne/libauth/identity/pgx/store.go:223.134,232.16 4 1
github.com/JLugagne/libauth/identity/pgx/store.go:232.16,234.3 1 0
github.com/JLugagne/libauth/identity/pgx/store.go:235.2,238.18 3 1
github.com/JLugagne/libauth/identity/pgx/store.go:238.18,240.171 2 1
github.com/JLugagne/libauth/identity/pgx/store.go:240.171,242.4 1 0
github.com/JLugagne/libauth/identity/pgx/store.go:243.3,243.42 1 1
github.com/JLugagne/libauth/identity/pgx/store.go:246.2,246.35 1 1
github.com/JLugagne/libauth/identity/pgx/store.go:246.35,248.3 1 0
github.com/JLugagne/libauth/identity/pgx/store.go:250.2,250.24 1 1
github.com/JLugagne/libauth/identity/pgx/store.go:253.143,265.16 6 1
github.com/JLugagne/libauth/identity/pgx/store.go:265.16,266.36 1 0
github.com/JLugagne/libauth/identity/pgx/store.go:266.36,268.4 1 0
github.com/JLugagne/libauth/identity/pgx/store.go:269.3,269.18 1 0
github.com/JLugagne/libauth/identity/pgx/store.go:272.2,272.20 1 1
github.com/JLugagne/libauth/identity/service.go:22.88,28.2 1 1
github.com/JLugagne/libauth/identity/service.go:30.104,31.55 1 1
github.com/JLugagne/libauth/identity/service.go:31.55,33.3 1 1
github.com/JLugagne/libauth/identity/service.go:35.2,36.16 2 1
github.com/JLugagne/libauth/identity/service.go:36.16,38.3 1 1
github.com/JLugagne/libauth/identity/service.go:40.2,41.16 2 1
github.com/JLugagne/libauth/identity/service.go:41.16,43.3 1 1
github.com/JLugagne/libauth/identity/service.go:45.2,51.65 2 1
github.com/JLugagne/libauth/identity/service.go:51.65,55.3 1 1
github.com/JLugagne/libauth/identity/service.go:57.2,57.18 1 1
github.com/JLugagne/libauth/identity/service.go:60.123,61.28 1 1
github.com/JLugagne/libauth/identity/service.go:61.28,63.17 2 1
github.com/JLugagne/libauth/identity/service.go:63.17,65.4 1 1
github.com/JLugagne/libauth/identity/service.go:67.3,68.17 2 1
github.com/JLugagne/libauth/identity/service.go:68.17,70.4 1 1
github.com/JLugagne/libauth/identity/service.go:72.3,72.32 1 1
github.com/JLugagne/libauth/identity/service.go:72.32,74.4 1 1
github.com/JLugagne/libauth/identity/service.go:76.3,76.78 1 1
github.com/JLugagne/libauth/identity/service.go:76.78,78.4 1 1
github.com/JLugagne/libauth/identity/service.go:80.3,80.19 1 1
github.com/JLugagne/libauth/identity/service.go:84.2,85.16 2 1
github.com/JLugagne/libauth/identity/service.go:85.16,87.3 1 1
github.com/JLugagne/libauth/identity/service.go:89.2,90.16 2 1
github.com/JLugagne/libauth/identity/service.go:90.16,92.3 1 1
github.com/JLugagne/libauth/identity/service.go:94.2,94.18 1 1
github.com/JLugagne/libauth/identity/store.go:18.35,19.31 1 0
github.com/JLugagne/libauth/identity/store.go:19.31,21.3 1 0
github.com/JLugagne/libauth/identity/store.go:25.47,27.27 2 0
github.com/JLugagne/libauth/identity/store.go:27.27,29.3 1 0
github.com/JLugagne/libauth/identity/store.go:30.2,30.10 1 0
github.com/JLugagne/libauth/identity/storetest/contract.go:26.116,27.29 1 0
github.com/JLugagne/libauth/identity/storetest/contract.go:27.29,28.45 1 0
github.com/JLugagne/libauth/identity/storetest/contract.go:30.2,30.46 1 0
github.com/JLugagne/libauth/identity/storetest/contract.go:33.118,34.31 1 0
github.com/JLugagne/libauth/identity/storetest/contract.go:34.31,35.47 1 0
github.com/JLugagne/libauth/identity/storetest/contract.go:37.2,37.45 1 0
github.com/JLugagne/libauth/identity/storetest/contract.go:40.121,41.34 1 0
github.com/JLugagne/libauth/identity/storetest/contract.go:41.34,42.50 1 0
github.com/JLugagne/libauth/identity/storetest/contract.go:44.2,44.51 1 0
github.com/JLugagne/libauth/identity/storetest/contract.go:47.105,48.29 1 0
github.com/JLugagne/libauth/identity/storetest/contract.go:48.29,49.45 1 0
github.com/JLugagne/libauth/identity/storetest/contract.go:51.2,51.45 1 0
github.com/JLugagne/libauth/identity/storetest/contract.go:54.98,55.29 1 0
github.com/JLugagne/libauth/identity/storetest/contract.go:55.29,56.45 1 0
github.com/JLugagne/libauth/identity/storetest/contract.go:58.2,58.43 1 0
github.com/JLugagne/libauth/identity/storetest/contract.go:61.111,62.30 1 0
github.com/JLugagne/libauth/identity/storetest/contract.go:62.30,63.46 1 0
github.com/JLugagne/libauth/identity/storetest/contract.go:65.2,65.47 1 0
github.com/JLugagne/libauth/identity/storetest/contract.go:68.138,69.41 1 0
github.com/JLugagne/libauth/identity/storetest/contract.go:69.41,70.57 1 0
github.com/JLugagne/libauth/identity/storetest/contract.go:72.2,72.59 1 0
github.com/JLugagne/libauth/identity/storetest/contract.go:75.147,76.41 1 0
github.com/JLugagne/libauth/identity/storetest/contract.go:76.41,77.57 1 0
github.com/JLugagne/libauth/identity/storetest/contract.go:79.2,79.73 1 0
github.com/JLugagne/libauth/identity/storetest/contract.go:84.84,88.20 3 0
github.com/JLugagne/libauth/identity/storetest/contract.go:88.20,91.3 2 0
github.com/JLugagne/libauth/identity/storetest/contract.go:93.2,93.50 1 0
github.com/JLugagne/libauth/identity/storetest/contract.go:93.50,100.21 7 0
github.com/JLugagne/libauth/identity/storetest/contract.go:100.21,102.4 1 0
github.com/JLugagne/libauth/identity/storetest/contract.go:105.3,141.47 24 0
github.com/JLugagne/libauth/identity/storetest/contract.go:144.2,144.54 1 0
github.com/JLugagne/libauth/identity/storetest/contract.go:144.54,177.3 19 0
github.com/JLugagne/libauth/identity/storetest/contract.go:179.2,179.20 1 0
github.com/JLugagne/libauth/identity/storetest/contract.go:179.20,180.64 1 0
github.com/JLugagne/libauth/identity/storetest/contract.go:180.64,221.4 20 0
github.com/JLugagne/libauth/identity/servicetest/contract.go:17.126,18.27 1 0
github.com/JLugagne/libauth/identity/servicetest/contract.go:18.27,19.43 1 0
github.com/JLugagne/libauth/identity/servicetest/contract.go:21.2,21.54 1 0
github.com/JLugagne/libauth/identity/servicetest/contract.go:24.145,25.31 1 0
github.com/JLugagne/libauth/identity/servicetest/contract.go:25.31,26.47 1 0
github.com/JLugagne/libauth/identity/servicetest/contract.go:28.2,28.73 1 0
